[3648345.031]  -> wl_display@1.get_registry(new id wl_registry@2)
[3648345.104]  -> wl_display@1.sync(new id wl_callback@3)
[3648345.262] wl_display@1.delete_id(3)
[3648345.281] wl_registry@2.global(1, "wl_shm", 1)
[3648345.311]  -> wl_registry@2.bind(1, "wl_shm", 1, new id [unknown]@4)
[3648345.398]  -> wl_shm@4.create_pool(new id wl_shm_pool@5, fd 9, 2304)
[3648345.604]  -> wl_shm_pool@5.resize(6912)
[3648346.535]  -> wl_shm_pool@5.resize(16128)
[3648346.574]  -> wl_shm_pool@5.resize(34560)
[3648346.613]  -> wl_shm_pool@5.resize(71424)
[3648346.664]  -> wl_shm_pool@5.resize(145152)
[3648346.789]  -> wl_shm_pool@5.resize(292608)
[3648348.179]  -> wl_shm_pool@5.resize(587520)
[3648350.577]  -> wl_shm_pool@5.resize(1177344)
[3648361.272] wl_registry@2.global(2, "wl_drm", 2)
[3648361.342] wl_registry@2.global(3, "zwp_linux_dmabuf_v1", 3)
[3648361.372] wl_registry@2.global(4, "wl_compositor", 4)
[3648361.404]  -> wl_registry@2.bind(4, "wl_compositor", 3, new id [unknown]@6)
[3648361.445] wl_registry@2.global(5, "wl_subcompositor", 1)
[3648361.475]  -> wl_registry@2.bind(5, "wl_subcompositor", 1, new id [unknown]@7)
[3648361.516] wl_registry@2.global(6, "wl_data_device_manager", 3)
[3648361.548]  -> wl_registry@2.bind(6, "wl_data_device_manager", 3, new id [unknown]@8)
[3648361.590] wl_registry@2.global(7, "zwlr_gamma_control_manager_v1", 1)
[3648361.633] wl_registry@2.global(8, "gtk_primary_selection_device_manager", 1)
[3648361.663]  -> wl_registry@2.bind(8, "gtk_primary_selection_device_manager", 1, new id [unknown]@9)
[3648361.709] wl_registry@2.global(9, "zxdg_output_manager_v1", 3)
[3648361.744]  -> wl_registry@2.bind(9, "zxdg_output_manager_v1", 3, new id [unknown]@10)
[3648361.796]  -> wl_display@1.sync(new id wl_callback@11)
[3648361.817] wl_registry@2.global(10, "org_kde_kwin_idle", 1)
[3648361.846] wl_registry@2.global(11, "zwp_idle_inhibit_manager_v1", 1)
[3648361.883] wl_registry@2.global(12, "zwlr_layer_shell_v1", 2)
[3648361.915] wl_registry@2.global(13, "xdg_wm_base", 2)
[3648361.944] wl_registry@2.global(14, "zwp_tablet_manager_v2", 1)
[3648361.975]  -> wl_registry@2.bind(14, "zwp_tablet_manager_v2", 1, new id [unknown]@12)
[3648362.016] wl_registry@2.global(15, "org_kde_kwin_server_decoration_manager", 1)
[3648362.048]  -> wl_registry@2.bind(15, "org_kde_kwin_server_decoration_manager", 1, new id [unknown]@13)
[3648362.089] wl_registry@2.global(16, "zxdg_decoration_manager_v1", 1)
[3648362.122] wl_registry@2.global(17, "zwp_relative_pointer_manager_v1", 1)
[3648362.153] wl_registry@2.global(18, "zwp_pointer_constraints_v1", 1)
[3648362.183] wl_registry@2.global(19, "wp_presentation", 1)
[3648362.212] wl_registry@2.global(20, "zwlr_output_manager_v1", 1)
[3648362.242] wl_registry@2.global(21, "zwlr_output_power_manager_v1", 1)
[3648362.269] wl_registry@2.global(22, "zwp_input_method_manager_v2", 1)
[3648362.296] wl_registry@2.global(23, "zwp_text_input_manager_v3", 1)
[3648362.323] wl_registry@2.global(24, "zwlr_foreign_toplevel_manager_v1", 2)
[3648362.352] wl_registry@2.global(25, "zwlr_export_dmabuf_manager_v1", 1)
[3648362.378] wl_registry@2.global(26, "zwlr_screencopy_manager_v1", 3)
[3648362.403] wl_registry@2.global(27, "zwlr_data_control_manager_v1", 2)
[3648362.430] wl_registry@2.global(28, "zwp_primary_selection_device_manager_v1", 1)
[3648362.458] wl_registry@2.global(29, "wp_viewporter", 1)
[3648362.485] wl_registry@2.global(30, "zwp_virtual_keyboard_manager_v1", 1)
[3648362.510] wl_registry@2.global(31, "zwlr_virtual_pointer_manager_v1", 2)
[3648362.537] wl_registry@2.global(32, "zwlr_input_inhibit_manager_v1", 1)
[3648362.565] wl_registry@2.global(33, "zwp_keyboard_shortcuts_inhibit_manager_v1", 1)
[3648362.590]  -> wl_registry@2.bind(33, "zwp_keyboard_shortcuts_inhibit_manager_v1", 1, new id [unknown]@14)
[3648362.627] wl_registry@2.global(34, "wl_seat", 7)
[3648362.655]  -> wl_registry@2.bind(34, "wl_seat", 5, new id [unknown]@15)
[3648365.430]  -> wl_compositor@6.create_surface(new id wl_surface@16)
[3648365.480]  -> gtk_primary_selection_device_manager@9.get_device(new id gtk_primary_selection_device@17, wl_seat@15)
[3648365.522]  -> wl_data_device_manager@8.get_data_device(new id wl_data_device@18, wl_seat@15)
[3648365.650]  -> wl_compositor@6.create_surface(new id wl_surface@19)
[3648365.669]  -> zwp_tablet_manager_v2@12.get_tablet_seat(new id zwp_tablet_seat_v2@20, wl_seat@15)
[3648365.693]  -> wl_display@1.sync(new id wl_callback@21)
[3648365.710] wl_registry@2.global(35, "zwp_pointer_gestures_v1", 1)
[3648365.739]  -> wl_registry@2.bind(35, "zwp_pointer_gestures_v1", 1, new id [unknown]@22)
[3648365.775] wl_registry@2.global(36, "wl_output", 3)
[3648365.802]  -> wl_registry@2.bind(36, "wl_output", 2, new id [unknown]@23)
[3648365.871]  -> zxdg_output_manager_v1@10.get_xdg_output(new id zxdg_output_v1@24, wl_output@23)
[3648365.912]  -> wl_display@1.sync(new id wl_callback@25)
[3648365.929] wl_callback@3.done(3)
[3648366.190] wl_display@1.delete_id(11)
[3648366.204] wl_display@1.delete_id(21)
[3648366.217] wl_display@1.delete_id(25)
[3648366.229] wl_shm@4.format(0)
[3648366.243] wl_shm@4.format(1)
[3648366.256] wl_shm@4.format(875709016)
[3648366.267] wl_shm@4.format(875708993)
[3648366.279] wl_callback@11.done(3)
[3648366.291] org_kde_kwin_server_decoration_manager@13.default_mode(2)
[3648366.305] wl_seat@15.name("seat0")
[3648366.317] wl_seat@15.capabilities(3)
[3648366.329]  -> wl_seat@15.get_pointer(new id wl_pointer@11)
[3648366.357]  -> zwp_pointer_gestures_v1@22.get_swipe_gesture(new id zwp_pointer_gesture_swipe_v1@3, wl_pointer@11)
[3648366.382]  -> zwp_pointer_gestures_v1@22.get_pinch_gesture(new id zwp_pointer_gesture_pinch_v1@26, wl_pointer@11)
[3648366.407]  -> wl_seat@15.get_keyboard(new id wl_keyboard@27)
[3648366.432] wl_callback@21.done(3)
[3648366.445] wl_output@23.geometry(0, 0, 300, 170, 0, "Unknown", "0x07B5", 0)
[3648366.513] wl_output@23.mode(1, 1366, 768, 59994)
[3648366.549] wl_output@23.scale(1)
[3648366.561] wl_output@23.done()
[3648366.578] zxdg_output_v1@24.name("eDP-1")
[3648366.592] zxdg_output_v1@24.description("Unknown 0x07B5 0x00000000 (eDP-1)")
[3648366.605] zxdg_output_v1@24.logical_position(0, 0)
[3648366.623] zxdg_output_v1@24.logical_size(1366, 768)
[3648366.646] wl_output@23.done()
[3648366.658] wl_callback@25.done(3)
[3648366.672]  -> wl_registry@2.bind(13, "xdg_wm_base", 1, new id [unknown]@25)
[3653565.440]  -> wl_display@1.get_registry(new id wl_registry@21)
[3653565.502]  -> wl_display@1.sync(new id wl_callback@28)
[3653565.782] wl_display@1.delete_id(28)
[3653565.798] wl_keyboard@27.keymap(1, fd 31, 47298)
[3653567.506] wl_keyboard@27.repeat_info(25, 600)
[3653567.546] wl_registry@21.global(1, "wl_shm", 1)
[3653567.578]  -> wl_registry@21.bind(1, "wl_shm", 1, new id [unknown]@29)
[3653567.619] wl_registry@21.global(2, "wl_drm", 2)
[3653567.650] wl_registry@21.global(3, "zwp_linux_dmabuf_v1", 3)
[3653567.678]  -> wl_registry@21.bind(3, "zwp_linux_dmabuf_v1", 3, new id [unknown]@30)
[3653567.718] wl_registry@21.global(4, "wl_compositor", 4)
[3653567.748]  -> wl_registry@21.bind(4, "wl_compositor", 4, new id [unknown]@31)
[3653567.786] wl_registry@21.global(5, "wl_subcompositor", 1)
[3653567.815]  -> wl_registry@21.bind(5, "wl_subcompositor", 1, new id [unknown]@32)
[3653567.853] wl_registry@21.global(6, "wl_data_device_manager", 3)
[3653567.887]  -> wl_registry@21.bind(6, "wl_data_device_manager", 3, new id [unknown]@33)
[3653567.927] wl_registry@21.global(7, "zwlr_gamma_control_manager_v1", 1)
[3653567.955] wl_registry@21.global(8, "gtk_primary_selection_device_manager", 1)
[3653567.982]  -> wl_registry@21.bind(8, "gtk_primary_selection_device_manager", 1, new id [unknown]@34)
[3653568.022] wl_registry@21.global(9, "zxdg_output_manager_v1", 3)
[3653568.049] wl_registry@21.global(10, "org_kde_kwin_idle", 1)
[3653568.078] wl_registry@21.global(11, "zwp_idle_inhibit_manager_v1", 1)
[3653568.108]  -> wl_registry@21.bind(11, "zwp_idle_inhibit_manager_v1", 1, new id [unknown]@35)
[3653568.145] wl_registry@21.global(12, "zwlr_layer_shell_v1", 2)
[3653568.173] wl_registry@21.global(13, "xdg_wm_base", 2)
[3653568.202] wl_registry@21.global(14, "zwp_tablet_manager_v2", 1)
[3653568.242] wl_registry@21.global(15, "org_kde_kwin_server_decoration_manager", 1)
[3653568.269] wl_registry@21.global(16, "zxdg_decoration_manager_v1", 1)
[3653568.297] wl_registry@21.global(17, "zwp_relative_pointer_manager_v1", 1)
[3653568.332] wl_registry@21.global(18, "zwp_pointer_constraints_v1", 1)
[3653568.364] wl_registry@21.global(19, "wp_presentation", 1)
[3653568.392] wl_registry@21.global(20, "zwlr_output_manager_v1", 1)
[3653568.418] wl_registry@21.global(21, "zwlr_output_power_manager_v1", 1)
[3653568.445] wl_registry@21.global(22, "zwp_input_method_manager_v2", 1)
[3653568.470] wl_registry@21.global(23, "zwp_text_input_manager_v3", 1)
[3653568.497] wl_registry@21.global(24, "zwlr_foreign_toplevel_manager_v1", 2)
[3653568.525] wl_registry@21.global(25, "zwlr_export_dmabuf_manager_v1", 1)
[3653568.549] wl_registry@21.global(26, "zwlr_screencopy_manager_v1", 3)
[3653568.573] wl_registry@21.global(27, "zwlr_data_control_manager_v1", 2)
[3653568.594] wl_registry@21.global(28, "zwp_primary_selection_device_manager_v1", 1)
[3653568.617] wl_registry@21.global(29, "wp_viewporter", 1)
[3653568.640] wl_registry@21.global(30, "zwp_virtual_keyboard_manager_v1", 1)
[3653568.661] wl_registry@21.global(31, "zwlr_virtual_pointer_manager_v1", 2)
[3653568.683] wl_registry@21.global(32, "zwlr_input_inhibit_manager_v1", 1)
[3653568.706] wl_registry@21.global(33, "zwp_keyboard_shortcuts_inhibit_manager_v1", 1)
[3653568.729] wl_registry@21.global(34, "wl_seat", 7)
[3653568.751]  -> wl_registry@21.bind(34, "wl_seat", 1, new id [unknown]@36)
[3653568.789] wl_registry@21.global(35, "zwp_pointer_gestures_v1", 1)
[3653568.816] wl_registry@21.global(36, "wl_output", 3)
[3653568.843] wl_callback@28.done(3)
[3653568.855]  -> wl_display@1.sync(new id wl_callback@28)
[3653569.008] wl_display@1.delete_id(28)
[3653569.023] zwp_linux_dmabuf_v1@30.modifier(1211384385, 16777215, 4294967295)
[3653569.054] zwp_linux_dmabuf_v1@30.modifier(1211384408, 16777215, 4294967295)
[3653569.081] zwp_linux_dmabuf_v1@30.modifier(808669761, 16777215, 4294967295)
[3653569.108] zwp_linux_dmabuf_v1@30.modifier(808669784, 16777215, 4294967295)
[3653569.135] zwp_linux_dmabuf_v1@30.modifier(808665665, 16777215, 4294967295)
[3653569.161] zwp_linux_dmabuf_v1@30.modifier(808665688, 16777215, 4294967295)
[3653569.187] zwp_linux_dmabuf_v1@30.modifier(875713089, 16777215, 4294967295)
[3653569.214] zwp_linux_dmabuf_v1@30.modifier(875708993, 16777215, 4294967295)
[3653569.241] zwp_linux_dmabuf_v1@30.modifier(875713112, 16777215, 4294967295)
[3653569.269] zwp_linux_dmabuf_v1@30.modifier(875709016, 16777215, 4294967295)
[3653569.295] zwp_linux_dmabuf_v1@30.modifier(892424769, 16777215, 4294967295)
[3653569.322] zwp_linux_dmabuf_v1@30.modifier(909199186, 16777215, 4294967295)
[3653569.349] zwp_linux_dmabuf_v1@30.modifier(538982482, 16777215, 4294967295)
[3653569.375] zwp_linux_dmabuf_v1@30.modifier(540422482, 16777215, 4294967295)
[3653569.402] zwp_linux_dmabuf_v1@30.modifier(943215175, 16777215, 4294967295)
[3653569.427] zwp_linux_dmabuf_v1@30.modifier(842224199, 16777215, 4294967295)
[3653569.454] zwp_linux_dmabuf_v1@30.modifier(961959257, 16777215, 4294967295)
[3653569.481] zwp_linux_dmabuf_v1@30.modifier(825316697, 16777215, 4294967295)
[3653569.509] zwp_linux_dmabuf_v1@30.modifier(842093913, 16777215, 4294967295)
[3653569.537] zwp_linux_dmabuf_v1@30.modifier(909202777, 16777215, 4294967295)
[3653569.566] zwp_linux_dmabuf_v1@30.modifier(875713881, 16777215, 4294967295)
[3653569.596] zwp_linux_dmabuf_v1@30.modifier(961893977, 16777215, 4294967295)
[3653569.623] zwp_linux_dmabuf_v1@30.modifier(825316953, 16777215, 4294967295)
[3653569.648] zwp_linux_dmabuf_v1@30.modifier(842094169, 16777215, 4294967295)
[3653569.676] zwp_linux_dmabuf_v1@30.modifier(909203033, 16777215, 4294967295)
[3653569.703] zwp_linux_dmabuf_v1@30.modifier(875714137, 16777215, 4294967295)
[3653569.730] zwp_linux_dmabuf_v1@30.modifier(842094158, 16777215, 4294967295)
[3653569.757] zwp_linux_dmabuf_v1@30.modifier(808530000, 16777215, 4294967295)
[3653569.784] zwp_linux_dmabuf_v1@30.modifier(842084432, 16777215, 4294967295)
[3653569.818] zwp_linux_dmabuf_v1@30.modifier(909193296, 16777215, 4294967295)
[3653569.844] zwp_linux_dmabuf_v1@30.modifier(909203022, 16777215, 4294967295)
[3653569.869] zwp_linux_dmabuf_v1@30.modifier(1448433985, 16777215, 4294967295)
[3653569.910] zwp_linux_dmabuf_v1@30.modifier(1448434008, 16777215, 4294967295)
[3653569.937] zwp_linux_dmabuf_v1@30.modifier(1448695129, 16777215, 4294967295)
[3653569.964] zwp_linux_dmabuf_v1@30.modifier(1498831189, 16777215, 4294967295)
[3653569.991] wl_callback@28.done(3)
[3653570.009]  -> wl_data_device_manager@33.get_data_device(new id wl_data_device@28, wl_seat@36)
[3653570.035]  -> gtk_primary_selection_device_manager@34.get_device(new id gtk_primary_selection_device@37, wl_seat@36)
[3653578.931]  -> wl_compositor@6.create_surface(new id wl_surface@38)
[3653589.963]  -> wl_display@1.get_registry(new id wl_registry@39)
[3653609.223] wl_registry@39.global(1, "wl_shm", 1)
[3653609.300] wl_registry@39.global(2, "wl_drm", 2)
[3653609.329] wl_registry@39.global(3, "zwp_linux_dmabuf_v1", 3)
[3653609.357] wl_registry@39.global(4, "wl_compositor", 4)
[3653609.383] wl_registry@39.global(5, "wl_subcompositor", 1)
[3653609.410] wl_registry@39.global(6, "wl_data_device_manager", 3)
[3653609.436] wl_registry@39.global(7, "zwlr_gamma_control_manager_v1", 1)
[3653609.463] wl_registry@39.global(8, "gtk_primary_selection_device_manager", 1)
[3653609.491] wl_registry@39.global(9, "zxdg_output_manager_v1", 3)
[3653609.519] wl_registry@39.global(10, "org_kde_kwin_idle", 1)
[3653609.545] wl_registry@39.global(11, "zwp_idle_inhibit_manager_v1", 1)
[3653609.574] wl_registry@39.global(12, "zwlr_layer_shell_v1", 2)
[3653609.613] wl_registry@39.global(13, "xdg_wm_base", 2)
[3653609.649] wl_registry@39.global(14, "zwp_tablet_manager_v2", 1)
[3653609.680] wl_registry@39.global(15, "org_kde_kwin_server_decoration_manager", 1)
[3653609.710] wl_registry@39.global(16, "zxdg_decoration_manager_v1", 1)
[3653609.745] wl_registry@39.global(17, "zwp_relative_pointer_manager_v1", 1)
[3653609.777] wl_registry@39.global(18, "zwp_pointer_constraints_v1", 1)
[3653609.806] wl_registry@39.global(19, "wp_presentation", 1)
[3653609.835] wl_registry@39.global(20, "zwlr_output_manager_v1", 1)
[3653609.863] wl_registry@39.global(21, "zwlr_output_power_manager_v1", 1)
[3653609.914] wl_registry@39.global(22, "zwp_input_method_manager_v2", 1)
[3653609.943] wl_registry@39.global(23, "zwp_text_input_manager_v3", 1)
[3653609.973]  -> wl_registry@39.bind(23, "zwp_text_input_manager_v3", 1, new id [unknown]@40)
[3653610.015]  -> zwp_text_input_manager_v3@40.get_text_input(new id zwp_text_input_v3@41, wl_seat@15)
[3653610.042] wl_registry@39.global(24, "zwlr_foreign_toplevel_manager_v1", 2)
[3653610.071] wl_registry@39.global(25, "zwlr_export_dmabuf_manager_v1", 1)
[3653610.100] wl_registry@39.global(26, "zwlr_screencopy_manager_v1", 3)
[3653610.130] wl_registry@39.global(27, "zwlr_data_control_manager_v1", 2)
[3653610.158] wl_registry@39.global(28, "zwp_primary_selection_device_manager_v1", 1)
[3653610.188] wl_registry@39.global(29, "wp_viewporter", 1)
[3653610.215] wl_registry@39.global(30, "zwp_virtual_keyboard_manager_v1", 1)
[3653610.244] wl_registry@39.global(31, "zwlr_virtual_pointer_manager_v1", 2)
[3653610.271] wl_registry@39.global(32, "zwlr_input_inhibit_manager_v1", 1)
[3653610.296] wl_registry@39.global(33, "zwp_keyboard_shortcuts_inhibit_manager_v1", 1)
[3653610.320] wl_registry@39.global(34, "wl_seat", 7)
[3653610.344] wl_registry@39.global(35, "zwp_pointer_gestures_v1", 1)
[3653610.368] wl_registry@39.global(36, "wl_output", 3)
JavaScript error: resource://gre/modules/XULStore.jsm, line 66: Error: Can't find profile directory.
JavaScript error: resource://gre/modules/XULStore.jsm, line 66: Error: Can't find profile directory.
JavaScript error: resource://gre/modules/XULStore.jsm, line 66: Error: Can't find profile directory.
JavaScript error: resource://gre/modules/XULStore.jsm, line 66: Error: Can't find profile directory.
JavaScript error: resource://gre/modules/XULStore.jsm, line 66: Error: Can't find profile directory.
[3653674.269]  -> wl_surface@38.frame(new id wl_callback@42)
[3653674.360]  -> xdg_wm_base@25.get_xdg_surface(new id xdg_surface@43, wl_surface@38)
[3653674.390]  -> xdg_surface@43.get_toplevel(new id xdg_toplevel@44)
[3653674.411]  -> xdg_toplevel@44.set_parent(nil)
[3653674.424]  -> xdg_toplevel@44.set_title("Close Firefox")
[3653674.442]  -> xdg_toplevel@44.set_app_id("firefox")
[3653674.456]  -> wl_surface@38.commit()
[3653674.465]  -> org_kde_kwin_server_decoration_manager@13.create(new id org_kde_kwin_server_decoration@45, wl_surface@38)
[3653674.491]  -> org_kde_kwin_server_decoration@45.request_mode(2)
[3653676.780] xdg_wm_base@25.ping(5)
[3653676.825]  -> xdg_wm_base@25.pong(5)
[3653676.838] org_kde_kwin_server_decoration@45.mode(2)
[3653676.855] xdg_toplevel@44.configure(0, 0, array)
[3653676.912] xdg_surface@43.configure(4)
[3653676.931]  -> wl_surface@38.set_buffer_scale(1)
[3653676.958]  -> xdg_surface@43.ack_configure(4)
[3653677.309]  -> wl_surface@38.set_buffer_scale(1)
[3653677.754]  -> wl_shm@4.create_pool(new id wl_shm_pool@46, fd 45, 320896)
[3653677.804]  -> wl_shm_pool@46.create_buffer(new id wl_buffer@47, 0, 736, 109, 2944, 0)
[3653678.272]  -> wl_surface@38.attach(wl_buffer@47, 0, 0)
[3653678.314]  -> wl_surface@38.set_buffer_scale(1)
[3653678.327]  -> wl_surface@38.damage(0, 0, 736, 109)
[3653678.365]  -> xdg_toplevel@44.set_min_size(425, 109)
[3653678.386]  -> xdg_toplevel@44.set_max_size(32766, 32766)
[3653678.406]  -> xdg_surface@43.set_window_geometry(0, 0, 736, 109)
[3653678.445]  -> wl_surface@38.set_opaque_region(nil)
[3653678.459]  -> wl_surface@38.set_input_region(nil)
[3653678.481]  -> wl_surface@38.frame(new id wl_callback@48)
[3653678.500]  -> wl_surface@38.commit()
[3653691.721]  -> wl_display@1.get_registry(new id wl_registry@49)
[3653691.832]  -> wl_display@1.sync(new id wl_callback@50)
[3653696.915] wl_display@1.delete_id(48)
[3653696.917] wl_display@1.delete_id(42)
[3653697.005] wl_display@1.delete_id(50)
[3653697.032] wl_registry@49.global(1, "wl_shm", 1)
[3653697.011] wl_buffer@47.release()
[3653697.081]  -> wl_registry@49.bind(1, "wl_shm", 1, new id [unknown]@51)
[3653697.148] wl_registry@49.global(2, "wl_drm", 2)
[3653697.149] wl_keyboard@27.enter(7, wl_surface@38, array)
[3653697.195] wl_registry@49.global(3, "zwp_linux_dmabuf_v1", 3)
[3653697.253] wl_keyboard@27.modifiers(8, 12, 0, 0, 0)
[3653697.289]  -> wl_registry@49.bind(3, "zwp_linux_dmabuf_v1", 3, new id [unknown]@52)
[3653697.421] wl_registry@49.global(4, "wl_compositor", 4)
[3653697.422] wl_data_device@28.selection(nil)
[3653697.473]  -> wl_registry@49.bind(4, "wl_compositor", 4, new id [unknown]@53)
[3653697.545] wl_registry@49.global(5, "wl_subcompositor", 1)
[3653697.546] wl_data_device@18.selection(nil)
[3653697.593]  -> wl_registry@49.bind(5, "wl_subcompositor", 1, new id [unknown]@54)
[3653697.665] wl_registry@49.global(6, "wl_data_device_manager", 3)
[3653697.667] gtk_primary_selection_device@37.selection(nil)
[3653697.711]  -> wl_registry@49.bind(6, "wl_data_device_manager", 3, new id [unknown]@55)
[3653697.780] wl_registry@49.global(7, "zwlr_gamma_control_manager_v1", 1)
[3653697.781] gtk_primary_selection_device@17.selection(nil)
[3653697.840] wl_registry@49.global([3653697.872] wl_callback@48.done(241757410)
8, "gtk_primary_selection_device_manager", 1)
[3653697.925] wl_callback@42.done(241757410)
[3653697.967]  -> wl_registry@49.bind(8, "gtk_primary_selection_device_manager", 1, new id [unknown]@48)
[3653698.053] wl_registry@49.global(9, "zxdg_output_manager_v1", 3)
[3653698.055] xdg_toplevel@44.configure(1362, 726, array)
[3653698.105] wl_registry@49.global(10, "org_kde_kwin_idle", 1)
[3653698.157] xdg_surface@43.configure(6)
[3653698.209] wl_registry@49.global(11, "zwp_idle_inhibit_manager_v1", 1)
[3653698.238]  -> wl_buffer@47.destroy()
[3653698.297]  -> wl_shm_pool@46.destroy()
[3653698.318]  -> wl_registry@49.bind(11, "zwp_idle_inhibit_manager_v1", 1, new id [unknown]@42)
[3653698.390] wl_registry@49.global(12, "zwlr_layer_shell_v1", 2)
[3653698.391]  -> wl_surface@38.set_buffer_scale(1)
[3653698.485] wl_registry@49.global(13, "xdg_wm_base", 2)
[3653698.500]  -> xdg_surface@43.ack_configure(6)
[3653698.557] wl_registry@49.global(14, "zwp_tablet_manager_v2", 1)
[3653698.603] wl_registry@49.global(15, "org_kde_kwin_server_decoration_manager", 1)
[3653698.654] wl_registry@49.global(16, "zxdg_decoration_manager_v1", 1)
[3653698.699] wl_registry@49.global(17, "zwp_relative_pointer_manager_v1", 1)
[3653698.749] wl_registry@49.global(18, "zwp_pointer_constraints_v1", 1)
[3653698.802] wl_registry@49.global(19, "wp_presentation", 1)
[3653698.849] wl_registry@49.global(20, "zwlr_output_manager_v1", 1)
[3653698.931] wl_registry@49.global(21, "zwlr_output_power_manager_v1", 1)
[3653698.985] wl_registry@49.global(22, "zwp_input_method_manager_v2", 1)
[3653699.034] wl_registry@49.global(23, "zwp_text_input_manager_v3", 1)
[3653699.082] wl_registry@49.global(24, "zwlr_foreign_toplevel_manager_v1", 2)
[3653699.138] wl_registry@49.global(25, "zwlr_export_dmabuf_manager_v1", 1)
[3653699.184] wl_registry@49.global(26, "zwlr_screencopy_manager_v1", 3)
[3653699.232] wl_registry@49.global(27, "zwlr_data_control_manager_v1", 2)
[3653699.285] wl_registry@49.global(28, "zwp_primary_selection_device_manager_v1", 1)
[3653699.327] wl_registry@49.global(29, "wp_viewporter", 1)
[3653699.376] wl_registry@49.global(30, "zwp_virtual_keyboard_manager_v1", 1)
[3653699.418] wl_registry@49.global(31, "zwlr_virtual_pointer_manager_v1", 2)
[3653699.462] wl_registry@49.global(32, "zwlr_input_inhibit_manager_v1", 1)
[3653699.502] wl_registry@49.global(33, "zwp_keyboard_shortcuts_inhibit_manager_v1", 1)
[3653699.541] wl_registry@49.global(34, "wl_seat", 7)
[3653699.582]  -> wl_registry@49.bind(34, "wl_seat", 1, new id [unknown]@56)
[3653699.635] wl_registry@49.global(35, "zwp_pointer_gestures_v1", 1)
[3653699.674] wl_registry@49.global(36, "wl_output", 3)
[3653699.713] wl_callback@50.done(8)
[3653699.732]  -> wl_display@1.sync(new id wl_callback@50)
[3653700.047] wl_display@1.delete_id(47)
[3653700.069] wl_display@1.delete_id(46)
[3653700.085] wl_display@1.delete_id(50)
[3653700.106] wl_callback@50.done(8)
[3653700.268]  -> wl_shm@51.create_pool(new id wl_shm_pool@50, fd 45, 320896)
[3653700.316]  -> wl_shm_pool@50.create_buffer(new id wl_buffer@46, 0, 736, 109, 2944, 0)
[3653700.751]  -> wl_compositor@53.create_surface(new id wl_surface@47)
[3653700.819]  -> wl_subcompositor@54.get_subsurface(new id wl_subsurface@57, wl_surface@47, wl_surface@38)
[3653700.944]  -> wl_subsurface@57.set_position(0, 0)
[3653700.992]  -> wl_subsurface@57.set_desync()
[3653701.010]  -> wl_compositor@53.create_region(new id wl_region@58)
[3653701.044]  -> wl_surface@47.set_input_region(wl_region@58)
[3653701.070]  -> wl_region@58.destroy()
[3653701.088]  -> wl_surface@47.commit()
[3653701.141]  -> wl_surface@47.set_buffer_scale(1)
[3653701.169]  -> wl_surface@47.damage(0, 0, 2147483647, 2147483647)
[3653701.241]  -> wl_surface@47.frame(new id wl_callback@59)
[3653701.275]  -> wl_surface@47.attach(wl_buffer@46, 0, 0)
[3653701.330]  -> wl_surface@47.commit()
[3653701.368]  -> wl_display@1.sync(new id wl_callback@60)
[3653701.426]  -> wl_subsurface@57.set_position(0, 0)
[3653701.639]  -> wl_shm@4.create_pool(new id wl_shm_pool@61, fd 46, 3955248)
[3653701.744]  -> wl_shm_pool@61.create_buffer(new id wl_buffer@62, 0, 1362, 726, 5448, 0)
[3653709.569] wl_display@1.delete_id(58)
[3653709.638] wl_display@1.delete_id(59)
[3653709.659] wl_display@1.delete_id(60)
[3653709.678] wl_buffer@46.release()
[3653709.696] wl_callback@59.done(241757416)
[3653709.716] wl_callback@60.done(8)
[3653709.745]  -> wl_buffer@46.destroy()
[3653710.347]  -> wl_shm_pool@50.resize(3955248)
[3653710.408]  -> wl_shm_pool@50.create_buffer(new id wl_buffer@60, 0, 1362, 726, 5448, 0)
[3653712.430]  -> wl_surface@47.set_buffer_scale(1)
[3653712.496]  -> wl_surface@47.damage(0, 0, 2147483647, 2147483647)
[3653712.543]  -> wl_surface@47.frame(new id wl_callback@59)
[3653712.563]  -> wl_surface@47.attach(wl_buffer@60, 0, 0)
[3653712.595]  -> wl_surface@47.commit()
[3653712.636]  -> wl_display@1.sync(new id wl_callback@58)
[3653712.867]  -> wl_surface@38.attach(wl_buffer@62, 0, 0)
[3653712.931]  -> wl_surface@38.set_buffer_scale(1)
[3653712.948]  -> wl_surface@38.damage(0, 0, 1362, 726)
[3653712.989]  -> xdg_toplevel@44.set_min_size(425, 109)
[3653713.015]  -> xdg_toplevel@44.set_max_size(32766, 32766)
[3653713.041]  -> xdg_surface@43.set_window_geometry(0, 0, 1362, 726)
[3653713.106]  -> wl_surface@38.frame(new id wl_callback@63)
[3653713.128]  -> wl_surface@38.commit()
[3653716.226] wl_display@1.delete_id(46)
[3653716.319] wl_display@1.delete_id(59)
[3653716.381] wl_buffer@60.release()
[3653716.412] wl_callback@59.done(241757429)
[3653726.120] wl_display@1.delete_id(58)
[3653726.201] wl_display@1.delete_id(63)
[3653726.237] wl_buffer@62.release()
[3653726.262] wl_surface@38.enter(wl_output@23)
[3653726.297] wl_pointer@11.enter(9, wl_surface@38, 98.000000, 79.000000)
[3653726.394] wl_pointer@11.frame()
[3653726.525]  -> wl_shm_pool@5.create_buffer(new id wl_buffer@59, 158976, 24, 24, 96, 0)
[3653726.672]  -> wl_pointer@11.set_cursor(9, wl_surface@19, 4, 4)
[3653726.761]  -> wl_surface@19.attach(wl_buffer@59, 0, 0)
[3653726.828]  -> wl_surface@19.set_buffer_scale(1)
[3653726.859]  -> wl_surface@19.damage(0, 0, 24, 24)
[3653726.983]  -> wl_surface@19.commit()
[3653727.011] wl_callback@63.done(241757439)
[3653727.684] wl_callback@58.done(8)
[3653733.664] wl_surface@19.enter(wl_output@23)
[3653733.775]  -> wl_pointer@11.set_cursor(9, wl_surface@19, 4, 4)
[3653733.895]  -> wl_surface@19.attach(wl_buffer@59, 0, 0)
[3653733.980]  -> wl_surface@19.set_buffer_scale(1)
[3653734.018]  -> wl_surface@19.damage(0, 0, 24, 24)
[3653734.116]  -> wl_surface@19.commit()
[3667298.904] wl_surface@19.leave(wl_output@23)
[3667299.001]  -> wl_pointer@11.set_cursor(9, wl_surface@19, 4, 4)
[3667299.087]  -> wl_surface@19.attach(wl_buffer@59, 0, 0)
[3667299.154]  -> wl_surface@19.set_buffer_scale(1)
[3667299.184]  -> wl_surface@19.damage(0, 0, 24, 24)
[3667299.265]  -> wl_surface@19.commit()
[3667299.294] wl_pointer@11.leave(10, wl_surface@38)
[3667299.376]  -> wl_pointer@11.set_cursor(9, wl_surface@19, 4, 4)
[3667299.491]  -> wl_surface@19.attach(wl_buffer@59, 0, 0)
[3667299.565]  -> wl_surface@19.set_buffer_scale(1)
[3667299.598]  -> wl_surface@19.damage(0, 0, 24, 24)
[3667299.688]  -> wl_surface@19.commit()
[3667299.719] wl_pointer@11.frame()
[3667299.763] wl_seat@15.capabilities(2)
[3667299.796]  -> wl_pointer@11.release()
[3667299.839] wl_keyboard@27.key(12, 241696588, 29, 0)
[3667299.966] wl_keyboard@27.modifiers(13, 8, 0, 0, 0)
[3667300.090] wl_keyboard@27.key(14, 241696588, 56, 0)
[3667300.188] wl_keyboard@27.modifiers(15, 0, 0, 0, 0)
[3667300.304] wl_keyboard@27.leave(17, wl_surface@38)
[3667300.360] wl_seat@15.capabilities(0)
[3667300.395]  -> wl_keyboard@27.release()
[3667300.428] wl_data_device@28.selection(nil)
[3667300.463] wl_data_device@18.selection(nil)
[3667300.508] gtk_primary_selection_device@37.selection(nil)
[3667300.549] gtk_primary_selection_device@17.selection(nil)
[3667300.587] wl_seat@15.capabilities(2)
[3667300.621]  -> wl_seat@15.get_keyboard(new id wl_keyboard@58)
[3667300.756] wl_data_device@28.selection(nil)
[3667300.791] wl_data_device@18.selection(nil)
[3667300.829] gtk_primary_selection_device@37.selection(nil)
[3667300.864] gtk_primary_selection_device@17.selection(nil)
[3667300.916] wl_data_device@28.selection(nil)
[3667300.949] wl_data_device@18.selection(nil)
[3667300.985] gtk_primary_selection_device@37.selection(nil)
[3667301.020] gtk_primary_selection_device@17.selection(nil)
[3667301.053] wl_data_device@28.selection(nil)
[3667301.089] wl_data_device@18.selection(nil)
[3667301.122] gtk_primary_selection_device@37.selection(nil)
[3667301.153] gtk_primary_selection_device@17.selection(nil)
[3667301.194] wl_seat@15.capabilities(3)
[3667301.226]  -> wl_seat@15.get_pointer(new id wl_pointer@63)
[3667301.303]  -> zwp_pointer_gestures_v1@22.get_swipe_gesture(new id zwp_pointer_gesture_swipe_v1@46, wl_pointer@63)
[3667301.380]  -> zwp_pointer_gestures_v1@22.get_pinch_gesture(new id zwp_pointer_gesture_pinch_v1@64, wl_pointer@63)
[3667301.485] wl_data_device@28.selection(nil)
[3667301.515] wl_data_device@18.selection(nil)
[3667301.543] gtk_primary_selection_device@37.selection(nil)
[3667301.572] gtk_primary_selection_device@17.selection(nil)
[3667301.601] wl_data_device@28.selection(nil)
[3667301.630] wl_data_device@18.selection(nil)
[3667301.660] gtk_primary_selection_device@37.selection(nil)
[3667301.688] gtk_primary_selection_device@17.selection(nil)
[3667301.718] wl_data_device@28.selection(nil)
[3667301.748] wl_data_device@18.selection(nil)
[3667301.778] gtk_primary_selection_device@37.selection(nil)
[3667301.808] gtk_primary_selection_device@17.selection(nil)
[3667302.410]  -> wl_display@1.get_registry(new id wl_registry@65)
[3667307.858]  -> wl_surface@47.set_buffer_scale(1)
[3667307.956]  -> wl_surface@47.damage(0, 0, 2147483647, 2147483647)
[3667308.005]  -> wl_surface@47.frame(new id wl_callback@66)
[3667308.028]  -> wl_surface@47.attach(wl_buffer@60, 0, 0)
[3667308.063]  -> wl_surface@47.commit()
[3667308.099]  -> wl_display@1.sync(new id wl_callback@67)
[3667308.274]  -> wl_surface@38.attach(wl_buffer@62, 0, 0)
[3667308.344]  -> wl_surface@38.set_buffer_scale(1)
[3667308.369]  -> wl_surface@38.damage(0, 0, 1362, 726)
[3667308.431]  -> xdg_toplevel@44.set_min_size(425, 109)
[3667308.465]  -> xdg_toplevel@44.set_max_size(32766, 32766)
[3667308.503]  -> xdg_surface@43.set_window_geometry(0, 0, 1362, 726)
[3667308.611]  -> wl_surface@38.frame(new id wl_callback@68)
[3667308.640]  -> wl_surface@38.commit()
[3667308.750] wl_display@1.delete_id(11)
[3667308.777] wl_display@1.delete_id(27)
[3667308.803] wl_keyboard@58.keymap(1, fd 45, 47298)
[3667312.673] wl_keyboard@58.repeat_info(25, 600)
[3667312.742] wl_keyboard@58.enter(51, wl_surface@38, array)
[3667312.800] wl_keyboard@58.modifiers(52, 0, 0, 0, 0)
[3667312.871] wl_pointer@63.enter(53, wl_surface@38, 98.000000, 79.000000)
[3667312.944]  -> wl_pointer@63.set_cursor(53, wl_surface@19, 4, 4)
[3667312.995]  -> wl_surface@19.attach(wl_buffer@59, 0, 0)
[3667313.035]  -> wl_surface@19.set_buffer_scale(1)
[3667313.051]  -> wl_surface@19.damage(0, 0, 24, 24)
[3667313.101]  -> wl_surface@19.commit()
[3667313.114] wl_pointer@63.frame()
[3667313.142] wl_registry@65.global(1, "wl_shm", 1)
[3667313.181] wl_registry@65.global(2, "wl_drm", 2)
[3667313.225] wl_registry@65.global(3, "zwp_linux_dmabuf_v1", 3)
[3667313.269] wl_registry@65.global(4, "wl_compositor", 4)
[3667313.313] wl_registry@65.global(5, "wl_subcompositor", 1)
[3667313.365] wl_registry@65.global(6, "wl_data_device_manager", 3)
[3667313.415] wl_registry@65.global(7, "zwlr_gamma_control_manager_v1", 1)
[3667313.467] wl_registry@65.global(8, "gtk_primary_selection_device_manager", 1)
[3667313.518] wl_registry@65.global(9, "zxdg_output_manager_v1", 3)
[3667313.570] wl_registry@65.global(10, "org_kde_kwin_idle", 1)
[3667313.620] wl_registry@65.global(11, "zwp_idle_inhibit_manager_v1", 1)
[3667313.664] wl_registry@65.global(12, "zwlr_layer_shell_v1", 2)
[3667313.703] wl_registry@65.global(13, "xdg_wm_base", 2)
[3667313.742] wl_registry@65.global(14, "zwp_tablet_manager_v2", 1)
[3667313.790] wl_registry@65.global(15, "org_kde_kwin_server_decoration_manager", 1)
[3667313.850] wl_registry@65.global(16, "zxdg_decoration_manager_v1", 1)
[3667313.917] wl_registry@65.global(17, "zwp_relative_pointer_manager_v1", 1)
[3667313.956] wl_registry@65.global(18, "zwp_pointer_constraints_v1", 1)
[3667313.995] wl_registry@65.global(19, "wp_presentation", 1)
[3667314.031] wl_registry@65.global(20, "zwlr_output_manager_v1", 1)
[3667314.069] wl_registry@65.global(21, "zwlr_output_power_manager_v1", 1)
[3667314.102] wl_registry@65.global(22, "zwp_input_method_manager_v2", 1)
[3667314.133] wl_registry@65.global(23, "zwp_text_input_manager_v3", 1)
[3667314.165] wl_registry@65.global(24, "zwlr_foreign_toplevel_manager_v1", 2)
[3667314.200] wl_registry@65.global(25, "zwlr_export_dmabuf_manager_v1", 1)
[3667314.237] wl_registry@65.global(26, "zwlr_screencopy_manager_v1", 3)
[3667314.285] wl_registry@65.global(27, "zwlr_data_control_manager_v1", 2)
[3667314.354] wl_registry@65.global(28, "zwp_primary_selection_device_manager_v1", 1)
[3667314.397] wl_registry@65.global(29, "wp_viewporter", 1)
[3667314.448] wl_registry@65.global(30, "zwp_virtual_keyboard_manager_v1", 1)
[3667314.491] wl_registry@65.global(31, "zwlr_virtual_pointer_manager_v1", 2)
[3667314.542] wl_registry@65.global(32, "zwlr_input_inhibit_manager_v1", 1)
[3667314.587] wl_registry@65.global(33, "zwp_keyboard_shortcuts_inhibit_manager_v1", 1)
[3667314.631] wl_registry@65.global(34, "wl_seat", 7)
[3667314.684]  -> wl_registry@65.bind(34, "wl_seat", 1, new id [unknown]@27)
[3667314.769] wl_registry@65.global(35, "zwp_pointer_gestures_v1", 1)
[3667314.812] wl_registry@65.global(36, "wl_output", 3)
[3667317.279] wl_display@1.delete_id(67)
[3667317.347] wl_display@1.delete_id(68)
[3667317.363] wl_display@1.delete_id(66)
[3667317.377] wl_buffer@62.release()
[3667317.390] wl_callback@68.done(241771028)
[3667317.425] wl_buffer@60.release()
[3667317.452] wl_callback@67.done(53)
[3667317.470] wl_callback@66.done(241771028)
[3667320.974]  -> wl_surface@47.set_buffer_scale(1)
[3667321.074]  -> wl_surface@47.damage(0, 0, 2147483647, 2147483647)
[3667321.121]  -> wl_surface@47.frame(new id wl_callback@66)
[3667321.142]  -> wl_surface@47.attach(wl_buffer@60, 0, 0)
[3667321.172]  -> wl_surface@47.commit()
[3667321.207]  -> wl_display@1.sync(new id wl_callback@67)
[3667321.465]  -> wl_surface@38.attach(wl_buffer@62, 0, 0)
[3667321.537]  -> wl_surface@38.set_buffer_scale(1)
[3667321.565]  -> wl_surface@38.damage(0, 0, 1362, 726)
[3667321.628]  -> xdg_toplevel@44.set_min_size(425, 109)
[3667321.655]  -> xdg_toplevel@44.set_max_size(32766, 32766)
[3667321.686]  -> xdg_surface@43.set_window_geometry(0, 0, 1362, 726)
[3667321.797]  -> wl_surface@38.frame(new id wl_callback@68)
[3667321.824]  -> wl_surface@38.commit()
[3667321.960] wl_surface@19.enter(wl_output@23)
[3667321.997]  -> wl_pointer@63.set_cursor(53, wl_surface@19, 4, 4)
[3667322.048]  -> wl_surface@19.attach(wl_buffer@59, 0, 0)
[3667322.086]  -> wl_surface@19.set_buffer_scale(1)
[3667322.104]  -> wl_surface@19.damage(0, 0, 24, 24)
[3667322.154]  -> wl_surface@19.commit()
[3667322.165] wl_seat@27.capabilities(3)
[3667322.187]  -> wl_seat@27.get_keyboard(new id wl_keyboard@11)
[3667322.737] wl_display@1.delete_id(67)
[3667322.792] wl_buffer@60.release()
[3667322.839] wl_callback@67.done(53)
[3667325.660] wl_buffer@62.release()
[3667325.750] wl_keyboard@11.keymap(1, fd 45, 47298)
[3667330.390]  -> wl_display@1.get_registry(new id wl_registry@67)
[3667330.578] wl_keyboard@58.keymap(1, fd 46, 47298)
[3667333.189] wl_keyboard@58.repeat_info(25, 600)
[3667333.250] wl_keyboard@11.enter(54, wl_surface@38, array)
[3667333.281] wl_keyboard@11.modifiers(55, 0, 0, 0, 0)
[3667333.337] wl_keyboard@58.modifiers(55, 0, 0, 0, 0)
[3667333.454] wl_display@1.delete_id(68)
[3667333.471] wl_display@1.delete_id(66)
[3667333.488] wl_callback@68.done(241771044)
[3667333.522] wl_callback@66.done([3667333.537] wl_registry@67.global(1, "wl_shm", 1)
241771044)
[3667333.601] wl_registry@67.global(2, "wl_drm", 2)
[3667333.661] wl_registry@67.global(3, "zwp_linux_dmabuf_v1", 3)
[3667333.691] wl_registry@67.global(4, "wl_compositor", 4)
[3667333.725] wl_registry@67.global(5, "wl_subcompositor", 1)
[3667333.756] wl_registry@67.global(6, "wl_data_device_manager", 3)
[3667333.785] wl_registry@67.global(7, "zwlr_gamma_control_manager_v1", 1)
[3667333.813] wl_registry@67.global(8, "gtk_primary_selection_device_manager", 1)
[3667333.844] wl_registry@67.global(9, "zxdg_output_manager_v1", 3)
[3667333.897] wl_registry@67.global(10, "org_kde_kwin_idle", 1)
[3667333.933] wl_registry@67.global(11, "zwp_idle_inhibit_manager_v1", 1)
[3667333.964] wl_registry@67.global(12, "zwlr_layer_shell_v1", 2)
[3667333.995] wl_registry@67.global(13, "xdg_wm_base", 2)
[3667334.023] wl_registry@67.global(14, "zwp_tablet_manager_v2", 1)
[3667334.054] wl_registry@67.global(15, "org_kde_kwin_server_decoration_manager", 1)
[3667334.084] wl_registry@67.global(16, "zxdg_decoration_manager_v1", 1)
[3667334.114] wl_registry@67.global(17, "zwp_relative_pointer_manager_v1", 1)
[3667334.154] wl_registry@67.global(18, "zwp_pointer_constraints_v1", 1)
[3667334.184] wl_registry@67.global(19, "wp_presentation", 1)
[3667334.213] wl_registry@67.global(20, "zwlr_output_manager_v1", 1)
[3667334.242] wl_registry@67.global(21, "zwlr_output_power_manager_v1", 1)
[3667334.272] wl_registry@67.global(22, "zwp_input_method_manager_v2", 1)
[3667334.303] wl_registry@67.global(23, "zwp_text_input_manager_v3", 1)
[3667334.335] wl_registry@67.global(24, "zwlr_foreign_toplevel_manager_v1", 2)
[3667334.364] wl_registry@67.global(25, "zwlr_export_dmabuf_manager_v1", 1)
[3667334.396] wl_registry@67.global(26, "zwlr_screencopy_manager_v1", 3)
[3667334.423] wl_registry@67.global(27, "zwlr_data_control_manager_v1", 2)
[3667334.451] wl_registry@67.global(28, "zwp_primary_selection_device_manager_v1", 1)
[3667334.477] wl_registry@67.global(29, "wp_viewporter", 1)
[3667334.502] wl_registry@67.global(30, "zwp_virtual_keyboard_manager_v1", 1)
[3667334.528] wl_registry@67.global(31, "zwlr_virtual_pointer_manager_v1", 2)
[3667334.562] wl_registry@67.global(32, "zwlr_input_inhibit_manager_v1", 1)
[3667334.592] wl_registry@67.global(33, "zwp_keyboard_shortcuts_inhibit_manager_v1", 1)
[3667334.623] wl_registry@67.global(34, "wl_seat", 7)
[3667334.655]  -> wl_registry@67.bind(34, "wl_seat", 1, new id [unknown]@66)
[3667334.697] wl_registry@67.global(35, "zwp_pointer_gestures_v1", 1)
[3667334.727] wl_registry@67.global(36, "wl_output", 3)
[3667334.802] wl_seat@66.capabilities(3)
[3668679.995] wl_keyboard@11.keymap(1, fd 45, 47298)
[3668684.636]  -> wl_display@1.get_registry(new id wl_registry@68)
[3668684.826] wl_keyboard@58.keymap(1, fd 46, 47298)
[3668690.364] wl_keyboard@58.repeat_info(25, 600)
[3668690.489] wl_keyboard@11.modifiers(56, 0, 0, 0, 0)
[3668690.619] wl_keyboard@58.modifiers(56, 0, 0, 0, 0)
[3668690.795] wl_keyboard@11.key(57, 241772393, 56, 1)
[3668690.927] wl_keyboard@58.key(57, 241772393, 56, 1)
[3668691.059] wl_keyboard@11.modifiers(58, 8, 0, 0, 0)
[3668691.190] wl_keyboard@58.modifiers(58, 8, 0, 0, 0)
[3668691.922] wl_registry@68.global(1, "wl_shm", 1)
[3668692.037] wl_registry@68.global(2, "wl_drm", 2)
[3668692.124] wl_registry@68.global(3, "zwp_linux_dmabuf_v1", 3)
[3668692.212] wl_registry@68.global(4, "wl_compositor", 4)
[3668692.302] wl_registry@68.global(5, "wl_subcompositor", 1)
[3668692.388] wl_registry@68.global(6, "wl_data_device_manager", 3)
[3668692.470] wl_registry@68.global(7, "zwlr_gamma_control_manager_v1", 1)
[3668692.554] wl_registry@68.global(8, "gtk_primary_selection_device_manager", 1)
[3668692.647] wl_registry@68.global(9, "zxdg_output_manager_v1", 3)
[3668692.730] wl_registry@68.global(10, "org_kde_kwin_idle", 1)
[3668692.816] wl_registry@68.global(11, "zwp_idle_inhibit_manager_v1", 1)
[3668692.913] wl_registry@68.global(12, "zwlr_layer_shell_v1", 2)
[3668692.991] wl_registry@68.global(13, "xdg_wm_base", 2)
[3668693.068] wl_registry@68.global(14, "zwp_tablet_manager_v2", 1)
[3668693.143] wl_registry@68.global(15, "org_kde_kwin_server_decoration_manager", 1)
[3668693.208] wl_registry@68.global(16, "zxdg_decoration_manager_v1", 1)
[3668693.265] wl_registry@68.global(17, "zwp_relative_pointer_manager_v1", 1)
[3668693.321] wl_registry@68.global(18, "zwp_pointer_constraints_v1", 1)
[3668693.377] wl_registry@68.global(19, "wp_presentation", 1)
[3668693.435] wl_registry@68.global(20, "zwlr_output_manager_v1", 1)
[3668693.493] wl_registry@68.global(21, "zwlr_output_power_manager_v1", 1)
[3668693.549] wl_registry@68.global(22, "zwp_input_method_manager_v2", 1)
[3668693.608] wl_registry@68.global(23, "zwp_text_input_manager_v3", 1)
[3668693.671] wl_registry@68.global(24, "zwlr_foreign_toplevel_manager_v1", 2)
[3668693.726] wl_registry@68.global(25, "zwlr_export_dmabuf_manager_v1", 1)
[3668693.781] wl_registry@68.global(26, "zwlr_screencopy_manager_v1", 3)
[3668693.837] wl_registry@68.global(27, "zwlr_data_control_manager_v1", 2)
[3668693.902] wl_registry@68.global(28, "zwp_primary_selection_device_manager_v1", 1)
[3668693.960] wl_registry@68.global(29, "wp_viewporter", 1)
[3668694.033] wl_registry@68.global(30, "zwp_virtual_keyboard_manager_v1", 1)
[3668694.087] wl_registry@68.global(31, "zwlr_virtual_pointer_manager_v1", 2)
[3668694.144] wl_registry@68.global(32, "zwlr_input_inhibit_manager_v1", 1)
[3668694.200] wl_registry@68.global(33, "zwp_keyboard_shortcuts_inhibit_manager_v1", 1)
[3668694.258] wl_registry@68.global(34, "wl_seat", 7)
[3668694.316]  -> wl_registry@68.bind(34, "wl_seat", 1, new id [unknown]@69)
[3668694.397] wl_registry@68.global(35, "zwp_pointer_gestures_v1", 1)
[3668694.454] wl_registry@68.global(36, "wl_output", 3)
[3668694.591] wl_seat@69.capabilities(3)
[3668709.731] wl_keyboard@11.key(59, 241772423, 29, 1)
[3668709.869] wl_keyboard@58.key(59, 241772423, 29, 1)
[3668710.027] wl_keyboard@11.modifiers(60, 12, 0, 0, 0)
[3668710.142] wl_keyboard@58.modifiers(60, 12, 0, 0, 0)
